[2024.05.16 11:13:48] (Coverage  WARN): Failed to load coverage data from file: /Users/monayo/Library/Caches/JetBrains/IntelliJIdea2023.3/coverage/clash_of_clan$CocApplication.ic
java.io.EOFException
	at java.base/java.io.DataInputStream.readUnsignedByte(DataInputStream.java:290)
	at java.base/java.io.DataInputStream.readByte(DataInputStream.java:268)
	at com.intellij.rt.coverage.util.CoverageIOUtil.readUTFFast(CoverageIOUtil.java:181)
	at com.intellij.rt.coverage.util.ProjectDataLoader.expand(ProjectDataLoader.java:121)
	at com.intellij.rt.coverage.util.ProjectDataLoader.load(ProjectDataLoader.java:69)
	at com.intellij.coverage.IDEACoverageRunner.loadCoverageData(IDEACoverageRunner.java:41)
	at com.intellij.coverage.BaseCoverageSuite.loadProjectInfo(BaseCoverageSuite.java:256)
	at com.intellij.coverage.BaseCoverageSuite.getCoverageData(BaseCoverageSuite.java:226)
	at com.intellij.coverage.CoverageSuitesBundle.lambda$getCoverageData$0(CoverageSuitesBundle.java:99)
	at java.base/java.util.stream.ReferencePipeline$3$1.accept(ReferencePipeline.java:197)
	at java.base/java.util.Spliterators$ArraySpliterator.forEachRemaining(Spliterators.java:992)
	at java.base/java.util.stream.AbstractPipeline.copyInto(AbstractPipeline.java:509)
	at java.base/java.util.stream.AbstractPipeline.wrapAndCopyInto(AbstractPipeline.java:499)
	at java.base/java.util.stream.AbstractPipeline.evaluate(AbstractPipeline.java:575)
	at java.base/java.util.stream.AbstractPipeline.evaluateToArrayNode(AbstractPipeline.java:260)
	at java.base/java.util.stream.ReferencePipeline.toArray(ReferencePipeline.java:616)
	at java.base/java.util.stream.ReferencePipeline.toArray(ReferencePipeline.java:622)
	at java.base/java.util.stream.ReferencePipeline.toList(ReferencePipeline.java:627)
	at com.intellij.coverage.CoverageSuitesBundle.getCoverageData(CoverageSuitesBundle.java:101)
	at com.intellij.coverage.analysis.JavaCoverageClassesAnnotator.<init>(JavaCoverageClassesAnnotator.java:44)
	at com.intellij.coverage.analysis.JavaCoverageAnnotator.collectSummaryInfo(JavaCoverageAnnotator.java:293)
	at com.intellij.coverage.analysis.JavaCoverageAnnotator.lambda$createRenewRequest$0(JavaCoverageAnnotator.java:144)
	at com.intellij.util.TimeoutUtil.measureExecutionTime(TimeoutUtil.java:35)
	at com.intellij.coverage.analysis.JavaCoverageAnnotator.lambda$createRenewRequest$1(JavaCoverageAnnotator.java:143)
	at com.intellij.coverage.BaseCoverageAnnotator$1.run(BaseCoverageAnnotator.java:37)
	at com.intellij.openapi.progress.impl.CoreProgressManager.startTask(CoreProgressManager.java:434)
	at com.intellij.openapi.progress.impl.ProgressManagerImpl.startTask(ProgressManagerImpl.java:132)
	at com.intellij.openapi.progress.impl.CoreProgressManager.lambda$runProcessWithProgressAsynchronously$5(CoreProgressManager.java:484)
	at com.intellij.openapi.progress.impl.ProgressRunner.lambda$submit$4(ProgressRunner.java:248)
	at com.intellij.openapi.progress.ProgressManager.lambda$runProcess$0(ProgressManager.java:73)
	at com.intellij.openapi.progress.impl.CoreProgressManager.lambda$runProcess$1(CoreProgressManager.java:192)
	at com.intellij.openapi.progress.impl.CoreProgressManager.lambda$executeProcessUnderProgress$12(CoreProgressManager.java:610)
	at com.intellij.openapi.progress.impl.CoreProgressManager.registerIndicatorAndRun(CoreProgressManager.java:685)
	at com.intellij.openapi.progress.impl.CoreProgressManager.computeUnderProgress(CoreProgressManager.java:641)
	at com.intellij.openapi.progress.impl.CoreProgressManager.executeProcessUnderProgress(CoreProgressManager.java:609)
	at com.intellij.openapi.progress.impl.ProgressManagerImpl.executeProcessUnderProgress(ProgressManagerImpl.java:78)
	at com.intellij.openapi.progress.impl.CoreProgressManager.runProcess(CoreProgressManager.java:179)
	at com.intellij.openapi.progress.ProgressManager.runProcess(ProgressManager.java:73)
	at com.intellij.openapi.progress.impl.ProgressRunner.lambda$submit$5(ProgressRunner.java:248)
	at com.intellij.openapi.progress.impl.ProgressRunner$ProgressRunnable.run(ProgressRunner.java:498)
	at com.intellij.util.concurrency.ChildContext$runAsCoroutine$1.invoke(propagation.kt:81)
	at com.intellij.util.concurrency.ChildContext$runAsCoroutine$1.invoke(propagation.kt:81)
	at com.intellij.util.concurrency.ChildContext.runAsCoroutine(propagation.kt:86)
	at com.intellij.util.concurrency.ChildContext.runAsCoroutine(propagation.kt:81)
	at com.intellij.openapi.progress.impl.ProgressRunner.lambda$launchTask$18(ProgressRunner.java:464)
	at java.base/java.util.concurrent.ThreadPoolExecutor.runWorker(ThreadPoolExecutor.java:1136)
	at java.base/java.util.concurrent.ThreadPoolExecutor$Worker.run(ThreadPoolExecutor.java:635)
	at java.base/java.util.concurrent.Executors$PrivilegedThreadFactory$1$1.run(Executors.java:702)
	at java.base/java.util.concurrent.Executors$PrivilegedThreadFactory$1$1.run(Executors.java:699)
	at java.base/java.security.AccessController.doPrivileged(AccessController.java:399)
	at java.base/java.util.concurrent.Executors$PrivilegedThreadFactory$1.run(Executors.java:699)
	at java.base/java.lang.Thread.run(Thread.java:840)
